20:03:18.722 [main] INFO  controller.TaskServlet [TaskServiceTest.java:36] -- test begins
20:04:42.167 [main] INFO  controller.TaskServlet [TaskServiceTest.java:36] -- test begins
20:05:05.005 [main] INFO  controller.TaskServlet [TaskServiceTest.java:36] -- test begins
16:02:07.023 [main] INFO  r.implementation.TaskRepositoryImpl [TaskRepositoryImpl.java:192] -- Task with ID 84 was successfully updated.
16:02:07.035 [main] INFO  service.TaskServiceTest [TaskServiceTest.java:35] -- test begins
16:02:55.895 [main] INFO  r.implementation.TaskRepositoryImpl [TaskRepositoryImpl.java:192] -- Task with ID 90 was successfully updated.
16:02:55.906 [main] INFO  service.TaskServiceTest [TaskServiceTest.java:35] -- test begins
16:07:46.188 [main] INFO  r.implementation.TaskRepositoryImpl [TaskRepositoryImpl.java:192] -- Task with ID 93 was successfully updated.
16:18:18.556 [main] INFO  r.implementation.TaskRepositoryImpl [TaskRepositoryImpl.java:155] -- Task with id 94 added successfully
16:18:18.586 [main] INFO  r.implementation.TaskRepositoryImpl [TaskRepositoryImpl.java:155] -- Task with id 95 added successfully
16:18:18.592 [main] INFO  r.implementation.TaskRepositoryImpl [TaskRepositoryImpl.java:155] -- Task with id 96 added successfully
16:18:18.611 [main] INFO  r.implementation.TaskRepositoryImpl [TaskRepositoryImpl.java:155] -- Task with id 97 added successfully
16:18:18.612 [main] INFO  service.TaskServiceTest [TaskServiceTest.java:120] -- Task id in test: 97
16:18:18.616 [main] INFO  r.implementation.TaskRepositoryImpl [TaskRepositoryImpl.java:203] -- Task with ID 97 was successfully updated.
16:18:18.624 [main] INFO  service.TaskServiceTest [TaskServiceTest.java:35] -- test begins
16:18:18.629 [main] INFO  r.implementation.TaskRepositoryImpl [TaskRepositoryImpl.java:155] -- Task with id 98 added successfully
16:18:18.650 [main] INFO  r.implementation.TaskRepositoryImpl [TaskRepositoryImpl.java:155] -- Task with id 99 added successfully
16:20:51.721 [main] INFO  r.implementation.TaskRepositoryImpl [TaskRepositoryImpl.java:155] -- Task with id 100 added successfully
16:20:51.729 [main] INFO  service.TaskServiceTest [TaskServiceTest.java:120] -- Task id in test: 100
16:20:51.734 [main] INFO  r.implementation.TaskRepositoryImpl [TaskRepositoryImpl.java:203] -- Task with ID 100 was successfully updated.
16:21:27.865 [main] INFO  r.implementation.TaskRepositoryImpl [TaskRepositoryImpl.java:155] -- Task with id 101 added successfully
16:21:27.874 [main] INFO  service.TaskServiceTest [TaskServiceTest.java:120] -- Task id in test: 101
16:21:27.879 [main] INFO  r.implementation.TaskRepositoryImpl [TaskRepositoryImpl.java:203] -- Task with ID 101 was successfully updated.
16:27:02.401 [main] INFO  r.implementation.TaskRepositoryImpl [TaskRepositoryImpl.java:143] -- Task with id 102 added successfully
16:27:02.409 [main] INFO  service.TaskServiceTest [TaskServiceTest.java:120] -- Task id in test: 102
16:27:02.414 [main] INFO  r.implementation.TaskRepositoryImpl [TaskRepositoryImpl.java:191] -- Task with ID 102 was successfully updated.
16:27:02.415 [main] INFO  service.TaskServiceTest [TaskServiceTest.java:130] -- Task id in test after update: 102
16:27:02.460 [main] ERROR r.implementation.TaskRepositoryImpl [TaskRepositoryImpl.java:104] -- You have an error in your SQL syntax; check the manual that corresponds to your MariaDB server version for the right syntax to use near '= 102' at line 1
java.sql.SQLSyntaxErrorException: You have an error in your SQL syntax; check the manual that corresponds to your MariaDB server version for the right syntax to use near '= 102' at line 1
	at com.mysql.cj.jdbc.exceptions.SQLError.createSQLException(SQLError.java:112)
	at com.mysql.cj.jdbc.exceptions.SQLExceptionsMapping.translateException(SQLExceptionsMapping.java:114)
	at com.mysql.cj.jdbc.ClientPreparedStatement.executeInternal(ClientPreparedStatement.java:987)
	at com.mysql.cj.jdbc.ClientPreparedStatement.executeQuery(ClientPreparedStatement.java:1055)
	at repository.implementation.TaskRepositoryImpl.get(TaskRepositoryImpl.java:92)
	at service.TaskService.getTaskById(TaskService.java:20)
	at service.TaskServiceTest.testUpdateTask(TaskServiceTest.java:131)
	at sun.reflect.NativeMethodAccessorImpl.invoke0(Native Method)
	at sun.reflect.NativeMethodAccessorImpl.invoke(NativeMethodAccessorImpl.java:62)
	at sun.reflect.DelegatingMethodAccessorImpl.invoke(DelegatingMethodAccessorImpl.java:43)
	at java.lang.reflect.Method.invoke(Method.java:498)
	at org.junit.runners.model.FrameworkMethod$1.runReflectiveCall(FrameworkMethod.java:59)
	at org.junit.internal.runners.model.ReflectiveCallable.run(ReflectiveCallable.java:12)
	at org.junit.runners.model.FrameworkMethod.invokeExplosively(FrameworkMethod.java:56)
	at org.junit.internal.runners.statements.InvokeMethod.evaluate(InvokeMethod.java:17)
	at org.junit.internal.runners.statements.RunBefores.evaluate(RunBefores.java:26)
	at org.junit.runners.ParentRunner$3.evaluate(ParentRunner.java:306)
	at org.junit.runners.BlockJUnit4ClassRunner$1.evaluate(BlockJUnit4ClassRunner.java:100)
	at org.junit.runners.ParentRunner.runLeaf(ParentRunner.java:366)
	at org.junit.runners.BlockJUnit4ClassRunner.runChild(BlockJUnit4ClassRunner.java:103)
	at org.junit.runners.BlockJUnit4ClassRunner.runChild(BlockJUnit4ClassRunner.java:63)
	at org.junit.runners.ParentRunner$4.run(ParentRunner.java:331)
	at org.junit.runners.ParentRunner$1.schedule(ParentRunner.java:79)
	at org.junit.runners.ParentRunner.runChildren(ParentRunner.java:329)
	at org.junit.runners.ParentRunner.access$100(ParentRunner.java:66)
	at org.junit.runners.ParentRunner$2.evaluate(ParentRunner.java:293)
	at org.junit.runners.ParentRunner$3.evaluate(ParentRunner.java:306)
	at org.junit.runners.ParentRunner.run(ParentRunner.java:413)
	at org.eclipse.jdt.internal.junit4.runner.JUnit4TestReference.run(JUnit4TestReference.java:93)
	at org.eclipse.jdt.internal.junit.runner.TestExecution.run(TestExecution.java:40)
	at org.eclipse.jdt.internal.junit.runner.RemoteTestRunner.runTests(RemoteTestRunner.java:530)
	at org.eclipse.jdt.internal.junit.runner.RemoteTestRunner.runTests(RemoteTestRunner.java:758)
	at org.eclipse.jdt.internal.junit.runner.RemoteTestRunner.run(RemoteTestRunner.java:453)
	at org.eclipse.jdt.internal.junit.runner.RemoteTestRunner.main(RemoteTestRunner.java:211)
16:27:55.202 [main] INFO  r.implementation.TaskRepositoryImpl [TaskRepositoryImpl.java:143] -- Task with id 103 added successfully
16:27:55.210 [main] INFO  service.TaskServiceTest [TaskServiceTest.java:120] -- Task id in test: 103
16:27:55.215 [main] INFO  r.implementation.TaskRepositoryImpl [TaskRepositoryImpl.java:191] -- Task with ID 103 was successfully updated.
16:27:55.216 [main] INFO  service.TaskServiceTest [TaskServiceTest.java:130] -- Task id in test after update: 103
16:32:51.677 [main] INFO  r.implementation.TaskRepositoryImpl [TaskRepositoryImpl.java:143] -- Task with id 104 added successfully
16:32:51.704 [main] INFO  r.implementation.TaskRepositoryImpl [TaskRepositoryImpl.java:143] -- Task with id 105 added successfully
16:32:51.709 [main] INFO  r.implementation.TaskRepositoryImpl [TaskRepositoryImpl.java:143] -- Task with id 106 added successfully
16:32:51.723 [main] INFO  r.implementation.TaskRepositoryImpl [TaskRepositoryImpl.java:143] -- Task with id 107 added successfully
16:32:51.727 [main] INFO  r.implementation.TaskRepositoryImpl [TaskRepositoryImpl.java:191] -- Task with ID 107 was successfully updated.
16:32:51.733 [main] INFO  service.TaskServiceTest [TaskServiceTest.java:35] -- test begins
16:32:51.737 [main] INFO  r.implementation.TaskRepositoryImpl [TaskRepositoryImpl.java:143] -- Task with id 108 added successfully
16:32:51.748 [main] INFO  r.implementation.TaskRepositoryImpl [TaskRepositoryImpl.java:143] -- Task with id 109 added successfully
16:34:23.156 [main] INFO  r.implementation.TaskRepositoryImpl [TaskRepositoryImpl.java:143] -- Task with id 110 added successfully
16:34:23.182 [main] INFO  r.implementation.TaskRepositoryImpl [TaskRepositoryImpl.java:143] -- Task with id 111 added successfully
16:34:23.193 [main] INFO  r.implementation.TaskRepositoryImpl [TaskRepositoryImpl.java:143] -- Task with id 112 added successfully
16:34:23.214 [main] INFO  r.implementation.TaskRepositoryImpl [TaskRepositoryImpl.java:143] -- Task with id 113 added successfully
16:34:23.219 [main] INFO  r.implementation.TaskRepositoryImpl [TaskRepositoryImpl.java:191] -- Task with ID 113 was successfully updated.
16:34:23.234 [main] INFO  r.implementation.TaskRepositoryImpl [TaskRepositoryImpl.java:143] -- Task with id 114 added successfully
16:34:23.250 [main] INFO  r.implementation.TaskRepositoryImpl [TaskRepositoryImpl.java:143] -- Task with id 115 added successfully
16:37:58.707 [main] INFO  r.implementation.TaskRepositoryImpl [TaskRepositoryImpl.java:143] -- Task with id 116 added successfully
16:37:58.728 [main] INFO  r.implementation.TaskRepositoryImpl [TaskRepositoryImpl.java:143] -- Task with id 117 added successfully
16:37:58.734 [main] INFO  r.implementation.TaskRepositoryImpl [TaskRepositoryImpl.java:143] -- Task with id 118 added successfully
16:37:58.761 [main] INFO  r.implementation.TaskRepositoryImpl [TaskRepositoryImpl.java:143] -- Task with id 119 added successfully
16:37:58.767 [main] INFO  r.implementation.TaskRepositoryImpl [TaskRepositoryImpl.java:191] -- Task with ID 119 was successfully updated.
16:37:58.784 [main] INFO  r.implementation.TaskRepositoryImpl [TaskRepositoryImpl.java:143] -- Task with id 120 added successfully
16:37:58.807 [main] INFO  r.implementation.TaskRepositoryImpl [TaskRepositoryImpl.java:143] -- Task with id 121 added successfully
16:38:14.452 [main] INFO  r.implementation.TaskRepositoryImpl [TaskRepositoryImpl.java:143] -- Task with id 122 added successfully
16:38:14.483 [main] INFO  r.implementation.TaskRepositoryImpl [TaskRepositoryImpl.java:143] -- Task with id 123 added successfully
16:38:14.488 [main] INFO  r.implementation.TaskRepositoryImpl [TaskRepositoryImpl.java:143] -- Task with id 124 added successfully
16:38:14.512 [main] INFO  r.implementation.TaskRepositoryImpl [TaskRepositoryImpl.java:143] -- Task with id 125 added successfully
16:38:14.516 [main] INFO  r.implementation.TaskRepositoryImpl [TaskRepositoryImpl.java:191] -- Task with ID 125 was successfully updated.
16:38:14.533 [main] INFO  r.implementation.TaskRepositoryImpl [TaskRepositoryImpl.java:143] -- Task with id 126 added successfully
16:38:14.550 [main] INFO  r.implementation.TaskRepositoryImpl [TaskRepositoryImpl.java:143] -- Task with id 127 added successfully
